[2023-06-21 12:40:32] system initialised
[2023-06-21 12:40:50] Added mattress to stock
[2023-06-21 12:41:05] Added bedcover to stock
[2023-06-21 12:41:19] Added bedcover to stock
[2023-06-21 12:41:42] Added bedcover to stock
[2023-06-21 12:44:05] system initialised
[2023-06-21 12:44:25] Added computer to stock
[2023-06-21 12:44:54] Added computer to stock
[2023-06-21 12:46:55] system initialised
[2023-06-21 12:47:18] Added computer to stock
[2023-06-21 12:47:27] Added computer to stock
[2023-06-21 12:47:40] Added computer to stock
[2023-06-21 12:48:14] system initialised
[2023-06-21 12:48:23] Added computer to stock
[2023-06-21 12:49:06] system initialised
[2023-06-21 12:49:10] Added computer to stock
[2023-06-21 12:52:35] system initialised
[2023-06-21 12:52:55] Added markerpen to stock
[2023-06-21 12:53:12] Added markerpen to stock
[2023-06-21 12:53:57] system initialised
[2023-06-21 12:55:36] system initialised
[2023-06-21 12:56:09] Added mattress to stock
[2023-06-21 12:56:39] Listed items in stock
[2023-06-21 12:56:43] Listed items in stock
[2023-06-21 12:56:46] Listed items in stock
[2023-06-21 12:57:19] Added MaTresS to stock
[2023-06-21 12:57:25] Listed items in stock
[2023-06-21 12:58:05] Added maTresS to stock
[2023-06-21 12:58:08] Listed items in stock
[2023-06-21 12:58:47] System shutdown
[2023-06-21 13:10:03] system initialised
[2023-06-21 13:10:12] Listed items in stock
[2023-06-21 13:10:41] Added chalks to stock
[2023-06-21 13:10:58] Added Rimofpaper to stock
[2023-06-21 13:17:32] Listed items in stock
[2023-06-21 13:20:03] system initialised
[2023-06-21 13:21:22] system initialised
[2023-06-21 13:22:25] system initialised
[2023-06-21 13:23:32] system initialised
[2023-06-21 13:27:37] system initialised
[2023-06-21 13:28:11] system initialised
[2023-06-21 13:29:47] system initialised
[2023-06-21 13:32:56] system initialised
